<?xml version="1.0" encoding="UTF-8"?>
<!-- Generated by org.testng.reporters.JUnitXMLReporter -->
<testsuite ignored="1" hostname="LAPTOP-LH7NGA1K" failures="0" tests="1" name="Default test" time="33.988" errors="0" timestamp="2021-10-03T15:36:12 IDT">
  <testcase classname="MishipayTest.MishipayHackerU" name="registrationTest" time="33.846"/>
  <testcase classname="MishipayTest.MishipayHackerU" name="Storeverification" time="0.0">
    <ignored/>
  </testcase> <!-- Storeverification -->
</testsuite> <!-- Default test -->
